error: Could not read .foreverignore file.
error: ENOENT, open '/home/ukwserver/.foreverignore'
Socket IO gestartet auf Port 3001
Benutzer hat sich verbunden. IP: 10.160.1.96
Getrennt vom SIP-Server
error: restarting script because /home/ukwserver/ukwserver.log changed
error: Forever detected script was killed by signal: SIGKILL
error: Script restart attempt #1
Socket IO gestartet auf Port 3001
Getrennt vom SIP-Server
Benutzer hat sich verbunden. IP: 10.160.1.96
Verbinde zu SIP-Server...
error: restarting script because /home/ukwserver/ukwserver.log changed
error: Forever detected script was killed by signal: SIGKILL
error: Script restart attempt #1
Socket IO gestartet auf Port 3001
Getrennt vom SIP-Server
Benutzer hat sich verbunden. IP: 10.160.1.96
Verbinde zu SIP-Server...
error: restarting script because /home/ukwserver/ukwserver.log changed
error: Forever detected script was killed by signal: SIGKILL
error: Script restart attempt #1
Socket IO gestartet auf Port 3001
Getrennt vom SIP-Server
Benutzer hat sich verbunden. IP: 10.160.1.96
Verbinde zu SIP-Server...
error: restarting script because /home/ukwserver/ukwserver.log changed
error: Forever detected script was killed by signal: SIGKILL
error: Script restart attempt #1
Socket IO gestartet auf Port 3001
Getrennt vom SIP-Server
Benutzer hat sich verbunden. IP: 10.160.1.96
Verbinde zu SIP-Server...
error: restarting script because /home/ukwserver/ukwserver.log changed
error: Forever detected script was killed by signal: SIGKILL
error: Script restart attempt #1
Socket IO gestartet auf Port 3001
Getrennt vom SIP-Server
Benutzer hat sich verbunden. IP: 10.160.1.96
Verbinde zu SIP-Server...
error: restarting script because /home/ukwserver/ukwserver.log changed
error: Forever detected script was killed by signal: SIGKILL
error: Script restart attempt #1
Socket IO gestartet auf Port 3001
Getrennt vom SIP-Server
Benutzer hat sich verbunden. IP: 10.160.1.96
10.160.1.96
[ { '10.160.1.96': { user: 'EM NvD', revier: 'Jade Traffic' } },
  { '192.168.56.2': { user: 'JA NA', revier: 'Jade Traffic' } },
  { '192.168.56.4': { user: 'GB NA', revier: 'German Bight Traffic' } },
  { '192.168.56.8': { user: 'CX NvD', revier: 'Cuxhaven Elbe Traffic' } } ]
Benutzer gefunden: EM NvD
Benutzer NICHT gefunden zu IP: 10.160.1.96
Benutzer NICHT gefunden zu IP: 10.160.1.96
Benutzer NICHT gefunden zu IP: 10.160.1.96
Arbeitsplatz gefunden! IP: 10.160.1.96
übergebener Arbeitsplatz: EM NvD
[ 'EM', 'NvD' ]
gelesene Daten: [object Object]
Button11  1-H-RFD-BORKLT-FKHK-1,
Funkstellen ID nicht vorhanden: 1-H-RFD-BORKLT-FKHK-1
Funkstellen ID nicht vorhanden: 
Button12  1-H-RFD-BORKLT-FKEK-3,1-H-RFD-BORKLT-FKEK-4
Funkstellen ID nicht vorhanden: 1-H-RFD-BORKLT-FKEK-3
Funkstellen ID nicht vorhanden: 1-H-RFD-BORKLT-FKEK-4
Button13  1-H-RFD-EMSVTA-FKEK-1,1-H-RFD-EMSVTA-FKEK-2
Funkstellen ID nicht vorhanden: 1-H-RFD-EMSVTA-FKEK-1
Funkstellen ID nicht vorhanden: 1-H-RFD-EMSVTA-FKEK-2
Button14  1-H-RFD-EMSVTA-FKEK-3,1-H-RFD-EMSVTA-FKEK-4
Funkstellen ID nicht vorhanden: 1-H-RFD-EMSVTA-FKEK-3
Funkstellen ID nicht vorhanden: 1-H-RFD-EMSVTA-FKEK-4
Button21  1-H-RFD-EMSVTA-FKEK-5,1-H-RFD-EMSVTA-FKEK-6
Funkstellen ID nicht vorhanden: 1-H-RFD-EMSVTA-FKEK-5
Funkstellen ID nicht vorhanden: 1-H-RFD-EMSVTA-FKEK-6
Button22  1-H-RFD-EMSVTA-FKMK-1,
Funkstellen ID nicht vorhanden: 1-H-RFD-EMSVTA-FKMK-1
Funkstellen ID nicht vorhanden: 
Button23  1-H-RFD-LEDASP-FKEK-1,
Funkstellen ID nicht vorhanden: 1-H-RFD-LEDASP-FKEK-1
Funkstellen ID nicht vorhanden: 
Button24  frei
Funkstellen ID nicht vorhanden: frei
gelesene Daten: [object Object]
frei
/home/ukwserver/views/ukwDisplay2.jade, line 37:
You should not have jade tags with multiple attributes.
/home/ukwserver/views/ukwDisplay2.jade, line 39:
You should not have jade tags with multiple attributes.
/home/ukwserver/views/ukwDisplay2.jade, line 44:
You should not have jade tags with multiple attributes.
/home/ukwserver/views/ukwDisplay2.jade, line 47:
You should not have jade tags with multiple attributes.
/home/ukwserver/views/ukwDisplay2.jade, line 50:
You should not have jade tags with multiple attributes.
/home/ukwserver/views/ukwDisplay2.jade, line 77:
You should not have jade tags with multiple attributes.
/home/ukwserver/views/ukwDisplay2.jade, line 79:
You should not have jade tags with multiple attributes.
/home/ukwserver/views/ukwDisplay2.jade, line 84:
You should not have jade tags with multiple attributes.
/home/ukwserver/views/ukwDisplay2.jade, line 87:
You should not have jade tags with multiple attributes.
/home/ukwserver/views/ukwDisplay2.jade, line 90:
You should not have jade tags with multiple attributes.
/home/ukwserver/views/ukwDisplay2.jade, line 118:
You should not have jade tags with multiple attributes.
/home/ukwserver/views/ukwDisplay2.jade, line 120:
You should not have jade tags with multiple attributes.
/home/ukwserver/views/ukwDisplay2.jade, line 125:
You should not have jade tags with multiple attributes.
/home/ukwserver/views/ukwDisplay2.jade, line 128:
You should not have jade tags with multiple attributes.
/home/ukwserver/views/ukwDisplay2.jade, line 131:
You should not have jade tags with multiple attributes.
/home/ukwserver/views/ukwDisplay2.jade, line 159:
You should not have jade tags with multiple attributes.
/home/ukwserver/views/ukwDisplay2.jade, line 161:
You should not have jade tags with multiple attributes.
/home/ukwserver/views/ukwDisplay2.jade, line 166:
You should not have jade tags with multiple attributes.
/home/ukwserver/views/ukwDisplay2.jade, line 169:
You should not have jade tags with multiple attributes.
/home/ukwserver/views/ukwDisplay2.jade, line 172:
You should not have jade tags with multiple attributes.
/home/ukwserver/views/ukwDisplay2.jade, line 200:
You should not have jade tags with multiple attributes.
/home/ukwserver/views/ukwDisplay2.jade, line 202:
You should not have jade tags with multiple attributes.
/home/ukwserver/views/ukwDisplay2.jade, line 207:
You should not have jade tags with multiple attributes.
/home/ukwserver/views/ukwDisplay2.jade, line 210:
You should not have jade tags with multiple attributes.
/home/ukwserver/views/ukwDisplay2.jade, line 213:
You should not have jade tags with multiple attributes.
/home/ukwserver/views/ukwDisplay2.jade, line 241:
You should not have jade tags with multiple attributes.
/home/ukwserver/views/ukwDisplay2.jade, line 243:
You should not have jade tags with multiple attributes.
/home/ukwserver/views/ukwDisplay2.jade, line 248:
You should not have jade tags with multiple attributes.
/home/ukwserver/views/ukwDisplay2.jade, line 251:
You should not have jade tags with multiple attributes.
/home/ukwserver/views/ukwDisplay2.jade, line 254:
You should not have jade tags with multiple attributes.
/home/ukwserver/views/ukwDisplay2.jade, line 282:
You should not have jade tags with multiple attributes.
/home/ukwserver/views/ukwDisplay2.jade, line 284:
You should not have jade tags with multiple attributes.
/home/ukwserver/views/ukwDisplay2.jade, line 289:
You should not have jade tags with multiple attributes.
/home/ukwserver/views/ukwDisplay2.jade, line 292:
You should not have jade tags with multiple attributes.
/home/ukwserver/views/ukwDisplay2.jade, line 295:
You should not have jade tags with multiple attributes.
/home/ukwserver/views/ukwDisplay2.jade, line 323:
You should not have jade tags with multiple attributes.
/home/ukwserver/views/ukwDisplay2.jade, line 325:
You should not have jade tags with multiple attributes.
/home/ukwserver/views/ukwDisplay2.jade, line 330:
You should not have jade tags with multiple attributes.
/home/ukwserver/views/ukwDisplay2.jade, line 333:
You should not have jade tags with multiple attributes.
/home/ukwserver/views/ukwDisplay2.jade, line 336:
You should not have jade tags with multiple attributes.
/home/ukwserver/views/ukwDisplay2.jade, line 365:
You should not have jade tags with multiple attributes.
/home/ukwserver/views/ukwDisplay2.jade, line 367:
You should not have jade tags with multiple attributes.
/home/ukwserver/views/ukwDisplay2.jade, line 372:
You should not have jade tags with multiple attributes.
/home/ukwserver/views/ukwDisplay2.jade, line 375:
You should not have jade tags with multiple attributes.
/home/ukwserver/views/ukwDisplay2.jade, line 378:
You should not have jade tags with multiple attributes.
/home/ukwserver/views/ukwDisplay2.jade, line 406:
You should not have jade tags with multiple attributes.
/home/ukwserver/views/ukwDisplay2.jade, line 408:
You should not have jade tags with multiple attributes.
/home/ukwserver/views/ukwDisplay2.jade, line 413:
You should not have jade tags with multiple attributes.
/home/ukwserver/views/ukwDisplay2.jade, line 416:
You should not have jade tags with multiple attributes.
/home/ukwserver/views/ukwDisplay2.jade, line 419:
You should not have jade tags with multiple attributes.
/home/ukwserver/views/ukwDisplay2.jade, line 447:
You should not have jade tags with multiple attributes.
/home/ukwserver/views/ukwDisplay2.jade, line 449:
You should not have jade tags with multiple attributes.
/home/ukwserver/views/ukwDisplay2.jade, line 454:
You should not have jade tags with multiple attributes.
/home/ukwserver/views/ukwDisplay2.jade, line 457:
You should not have jade tags with multiple attributes.
/home/ukwserver/views/ukwDisplay2.jade, line 460:
You should not have jade tags with multiple attributes.
/home/ukwserver/views/ukwDisplay2.jade, line 488:
You should not have jade tags with multiple attributes.
/home/ukwserver/views/ukwDisplay2.jade, line 490:
You should not have jade tags with multiple attributes.
/home/ukwserver/views/ukwDisplay2.jade, line 495:
You should not have jade tags with multiple attributes.
/home/ukwserver/views/ukwDisplay2.jade, line 498:
You should not have jade tags with multiple attributes.
/home/ukwserver/views/ukwDisplay2.jade, line 501:
You should not have jade tags with multiple attributes.
/home/ukwserver/views/ukwDisplay2.jade, line 529:
You should not have jade tags with multiple attributes.
/home/ukwserver/views/ukwDisplay2.jade, line 531:
You should not have jade tags with multiple attributes.
/home/ukwserver/views/ukwDisplay2.jade, line 536:
You should not have jade tags with multiple attributes.
/home/ukwserver/views/ukwDisplay2.jade, line 539:
You should not have jade tags with multiple attributes.
/home/ukwserver/views/ukwDisplay2.jade, line 542:
You should not have jade tags with multiple attributes.
[0mGET /ukw [36m304 [0m974.503 ms - -[0m
Verbinde zu SIP-Server...
[0mGET /stylesheets/bootstrap/bootstrap.min.css [36m304 [0m8.344 ms - -[0m
[0mGET /javascripts/fuelux/css/fuelux.min.css [36m304 [0m9.642 ms - -[0m
[0mGET /stylesheets/dataTables.bootstrap.css [36m304 [0m13.580 ms - -[0m
[0mGET /stylesheets/bootstrap-slider.css [36m304 [0m14.331 ms - -[0m
[0mGET /javascripts/jquery.min.js [36m304 [0m14.640 ms - -[0m
[0mGET /javascripts/highchart/highcharts-all.js [36m304 [0m6.170 ms - -[0m
[0mGET /javascripts/highchart/modules/exporting.js [36m304 [0m6.558 ms - -[0m
[0mGET /javascripts/datatables/jquery.dataTables.min.js [36m304 [0m8.114 ms - -[0m
[0mGET /javascripts/bootstrap/bootstrap.min.js [36m304 [0m8.745 ms - -[0m
[0mGET /javascripts/fuelux/js/fuelux.min.js [36m304 [0m7.932 ms - -[0m
[0mGET /javascripts/datatables/dataTables.tableTools.js [36m304 [0m9.331 ms - -[0m
[0mGET /javascripts/datatables/dataTables.bootstrap.js [36m304 [0m5.655 ms - -[0m
[0mGET /javascripts/bootstrap-notify.min.js [36m304 [0m6.376 ms - -[0m
[0mGET /javascripts/bootstrap-slider.js [36m304 [0m5.686 ms - -[0m
[0mGET /stylesheets/fonts/glyphicons-halflings-regular.woff [36m304 [0m0.999 ms - -[0m
Benutzer hat sich verbunden. IP: 10.160.1.96
IP als Anfrage     : 10.160.1.96
IP als Übergabewert: undefined
[ { '10.160.1.96': { user: 'EM NvD', revier: 'Jade Traffic' } },
  { '192.168.56.2': { user: 'JA NA', revier: 'Jade Traffic' } },
  { '192.168.56.4': { user: 'GB NA', revier: 'German Bight Traffic' } },
  { '192.168.56.8': { user: 'CX NvD', revier: 'Cuxhaven Elbe Traffic' } } ]
Benutzer gefunden: EM NvD
Benutzer NICHT gefunden zu IP: 10.160.1.96
Benutzer NICHT gefunden zu IP: 10.160.1.96
Benutzer NICHT gefunden zu IP: 10.160.1.96
Benutzer zu IP  = EM NvD undefined
übergebener Arbeitsplatz: EM NvD
[ 'EM', 'NvD' ]
gelesene Daten: [object Object]
Button11  1-H-RFD-BORKLT-FKHK-1,
Funkstellen ID nicht vorhanden: 1-H-RFD-BORKLT-FKHK-1
Funkstellen ID nicht vorhanden: 
Button12  1-H-RFD-BORKLT-FKEK-3,1-H-RFD-BORKLT-FKEK-4
Funkstellen ID nicht vorhanden: 1-H-RFD-BORKLT-FKEK-3
Funkstellen ID nicht vorhanden: 1-H-RFD-BORKLT-FKEK-4
Button13  1-H-RFD-EMSVTA-FKEK-1,1-H-RFD-EMSVTA-FKEK-2
Funkstellen ID nicht vorhanden: 1-H-RFD-EMSVTA-FKEK-1
Funkstellen ID nicht vorhanden: 1-H-RFD-EMSVTA-FKEK-2
Button14  1-H-RFD-EMSVTA-FKEK-3,1-H-RFD-EMSVTA-FKEK-4
Funkstellen ID nicht vorhanden: 1-H-RFD-EMSVTA-FKEK-3
Funkstellen ID nicht vorhanden: 1-H-RFD-EMSVTA-FKEK-4
Button21  1-H-RFD-EMSVTA-FKEK-5,1-H-RFD-EMSVTA-FKEK-6
Funkstellen ID nicht vorhanden: 1-H-RFD-EMSVTA-FKEK-5
Funkstellen ID nicht vorhanden: 1-H-RFD-EMSVTA-FKEK-6
Button22  1-H-RFD-EMSVTA-FKMK-1,
Funkstellen ID nicht vorhanden: 1-H-RFD-EMSVTA-FKMK-1
Funkstellen ID nicht vorhanden: 
Button23  1-H-RFD-LEDASP-FKEK-1,
Funkstellen ID nicht vorhanden: 1-H-RFD-LEDASP-FKEK-1
Funkstellen ID nicht vorhanden: 
Button24  frei
Funkstellen ID nicht vorhanden: frei
gelesene Daten: [object Object]
[0mGET /ukwKonfig [36m304 [0m16.201 ms - -[0m
{ FstID: '1-H-RFD-BORKLT-FKHK-1',
  ApID: 'JA_NvD',
  SPAN: '1-H-RFD-EMSVKZ-MHAN-11',
  aktion: 'schaltenEinfach' }
{ FstID: '1-H-RFD-BORKLT-FKEK-3',
  ApID: 'JA_NvD',
  SPAN: '1-H-RFD-EMSVKZ-MHAN-12',
  aktion: 'schaltenEinfach' }
{ FstID: '1-H-RFD-EMSVTA-FKMK-1',
  ApID: 'JA_NvD',
  SPAN: '1-H-RFD-EMSVKZ-MHAN-13',
  aktion: 'schaltenEinfach' }
{ FstID: '1-H-RFD-EMSVTA-FKEK-5',
  ApID: 'JA_NvD',
  SPAN: '1-H-RFD-EMSVKZ-MHAN-14',
  aktion: 'schaltenEinfach' }
error: restarting script because /home/ukwserver/ukwserver.log changed
error: Forever detected script was killed by signal: SIGKILL
error: Script restart attempt #1
Socket IO gestartet auf Port 3001
Getrennt vom SIP-Server
Benutzer hat sich verbunden. IP: 10.160.1.96
Verbinde zu SIP-Server...
error: restarting script because /home/ukwserver/ukwserver.log changed
error: Forever detected script was killed by signal: SIGKILL
error: Script restart attempt #1
Socket IO gestartet auf Port 3001
Benutzer hat sich verbunden. IP: 10.160.1.96
Getrennt vom SIP-Server
Verbinde zu SIP-Server...
error: restarting script because /home/ukwserver/ukwserver.log changed
error: Forever detected script was killed by signal: SIGKILL
error: Script restart attempt #1
Socket IO gestartet auf Port 3001
Benutzer hat sich verbunden. IP: 10.160.1.96
Getrennt vom SIP-Server
Verbinde zu SIP-Server...
error: restarting script because /home/ukwserver/ukwserver.log changed
error: Forever detected script was killed by signal: SIGKILL
error: Script restart attempt #1
Socket IO gestartet auf Port 3001
Benutzer hat sich verbunden. IP: 10.160.1.96
Getrennt vom SIP-Server
Verbinde zu SIP-Server...
error: restarting script because /home/ukwserver/ukwserver.log changed
error: Forever detected script was killed by signal: SIGKILL
error: Script restart attempt #1
Socket IO gestartet auf Port 3001
Benutzer hat sich verbunden. IP: 10.160.1.96
Getrennt vom SIP-Server
Verbinde zu SIP-Server...
error: restarting script because /home/ukwserver/ukwserver.log changed
error: Forever detected script was killed by signal: SIGKILL
error: Script restart attempt #1
Socket IO gestartet auf Port 3001
Benutzer hat sich verbunden. IP: 10.160.1.96
Getrennt vom SIP-Server
Verbinde zu SIP-Server...
error: restarting script because /home/ukwserver/ukwserver.log changed
error: Forever detected script was killed by signal: SIGKILL
error: Script restart attempt #1
Socket IO gestartet auf Port 3001
Benutzer hat sich verbunden. IP: 10.160.1.96
Getrennt vom SIP-Server
Verbinde zu SIP-Server...
error: restarting script because /home/ukwserver/ukwserver.log changed
error: Forever detected script was killed by signal: SIGKILL
error: Script restart attempt #1
Socket IO gestartet auf Port 3001
Benutzer hat sich verbunden. IP: 10.160.1.96
Getrennt vom SIP-Server
Verbinde zu SIP-Server...
error: restarting script because /home/ukwserver/ukwserver.log changed
error: Forever detected script was killed by signal: SIGKILL
error: Script restart attempt #1
Socket IO gestartet auf Port 3001
Getrennt vom SIP-Server
Benutzer hat sich verbunden. IP: 10.160.1.96
Verbinde zu SIP-Server...
error: restarting script because /home/ukwserver/ukwserver.log changed
error: Forever detected script was killed by signal: SIGKILL
error: Script restart attempt #1
Socket IO gestartet auf Port 3001
Benutzer hat sich verbunden. IP: 10.160.1.96
Getrennt vom SIP-Server
Verbinde zu SIP-Server...
error: restarting script because /home/ukwserver/ukwserver.log changed
error: Forever detected script was killed by signal: SIGKILL
error: Script restart attempt #1
Socket IO gestartet auf Port 3001
Benutzer hat sich verbunden. IP: 10.160.1.96
Getrennt vom SIP-Server
Verbinde zu SIP-Server...
error: restarting script because /home/ukwserver/ukwserver.log changed
error: Forever detected script was killed by signal: SIGKILL
error: Script restart attempt #1
Socket IO gestartet auf Port 3001
Benutzer hat sich verbunden. IP: 10.160.1.96
Getrennt vom SIP-Server
Verbinde zu SIP-Server...
error: restarting script because /home/ukwserver/ukwserver.log changed
error: Forever detected script was killed by signal: SIGKILL
error: Script restart attempt #1
Socket IO gestartet auf Port 3001
Benutzer hat sich verbunden. IP: 10.160.1.96
Getrennt vom SIP-Server
Verbinde zu SIP-Server...
error: restarting script because /home/ukwserver/ukwserver.log changed
error: Forever detected script was killed by signal: SIGKILL
error: Script restart attempt #1
Socket IO gestartet auf Port 3001
Benutzer hat sich verbunden. IP: 10.160.1.96
Getrennt vom SIP-Server
Verbinde zu SIP-Server...
error: restarting script because /home/ukwserver/ukwserver.log changed
error: Forever detected script was killed by signal: SIGKILL
error: Script restart attempt #1
Socket IO gestartet auf Port 3001
Benutzer hat sich verbunden. IP: 10.160.1.96
Getrennt vom SIP-Server
Verbinde zu SIP-Server...
error: restarting script because /home/ukwserver/ukwserver.log changed
error: Forever detected script was killed by signal: SIGKILL
error: Script restart attempt #1
Socket IO gestartet auf Port 3001
Benutzer hat sich verbunden. IP: 10.160.1.96
Getrennt vom SIP-Server
Verbinde zu SIP-Server...
error: restarting script because /home/ukwserver/ukwserver.log changed
error: Forever detected script was killed by signal: SIGKILL
error: Script restart attempt #1
Socket IO gestartet auf Port 3001
Getrennt vom SIP-Server
Benutzer hat sich verbunden. IP: 10.160.1.96
Verbinde zu SIP-Server...
error: restarting script because /home/ukwserver/ukwserver.log changed
error: Forever detected script was killed by signal: SIGKILL
error: Script restart attempt #1
Socket IO gestartet auf Port 3001
Benutzer hat sich verbunden. IP: 10.160.1.96
Getrennt vom SIP-Server
Verbinde zu SIP-Server...
error: restarting script because /home/ukwserver/ukwserver.log changed
error: Forever detected script was killed by signal: SIGKILL
error: Script restart attempt #1
Socket IO gestartet auf Port 3001
